<?xml version="1.0" encoding="UTF-8"?>
<Site BuildName="(empty)"
	BuildStamp="20230401-1031-Experimental"
	Name="(empty)"
	Generator="ctest-3.22.3"
	CompilerName=""
	CompilerVersion=""
	OSName="Linux"
	Hostname="Vivo"
	OSRelease="5.15.90.1-microsoft-standard-WSL2"
	OSVersion="#1 SMP Fri Jan 27 02:56:13 UTC 2023"
	OSPlatform="x86_64"
	Is64Bits="1"
	VendorString="GenuineIntel"
	VendorID="Intel Corporation"
	FamilyID="6"
	ModelID="165"
	ProcessorCacheSize="16384"
	NumberOfLogicalCPU="16"
	NumberOfPhysicalCPU="8"
	TotalVirtualMemory="2048"
	TotalPhysicalMemory="7860"
	LogicalProcessorsPerPhysical="2"
	ProcessorClockFrequency="2208.01"
	>
	<Testing>
		<StartDateTime>Apr 01 12:31 EET</StartDateTime>
		<StartTestTime>1680345113</StartTestTime>
		<TestList/>
		<EndDateTime>Apr 01 12:31 EET</EndDateTime>
		<EndTestTime>1680345113</EndTestTime>
		<ElapsedMinutes>0</ElapsedMinutes>
	</Testing>
</Site>
